# JRE version: OpenJDK Runtime Environment Temurin-17.0.12+7 (17.0.12+7) (build 17.0.12+7)
# Java VM: OpenJDK 64-Bit Server VM Temurin-17.0.12+7 (17.0.12+7, mixed mode, tiered, compressed oops, compressed class ptrs, parallel gc, windows-amd64)
GC Precious Log:
 CPUs: 4 total, 4 available
 Memory: 2444M
 Large Page Support: Disabled
 NUMA Support: Disabled
 Compressed Oops: Enabled (32-bit)
 Alignments: Space 512K, Generation 512K, Heap 2M
 Heap Min Capacity: 100M
 Heap Initial Capacity: 100M
 Heap Max Capacity: 1G
 Pre-touch: Disabled
 Parallel Workers: 4
Heap:
 PSYoungGen      total 27136K, used 2558K [0x00000000eab00000, 0x00000000ec980000, 0x0000000100000000)
  eden space 25088K, 2% used [0x00000000eab00000,0x00000000eab84678,0x00000000ec380000)
  from space 2048K, 99% used [0x00000000ec580000,0x00000000ec77b4f0,0x00000000ec780000)
  to   space 2048K, 0% used [0x00000000ec780000,0x00000000ec780000,0x00000000ec980000)
 ParOldGen       total 177152K, used 142557K [0x00000000c0000000, 0x00000000cad00000, 0x00000000eab00000)
  object space 177152K, 80% used [0x00000000c0000000,0x00000000c8b37720,0x00000000cad00000)
 Metaspace       used 76216K, committed 77568K, reserved 1179648K
  class space    used 7921K, committed 8512K, reserved 1048576K
GC Heap History (20 events):
Event: 757.405 GC heap before
{Heap before GC invocations=118 (full 6):
 PSYoungGen      total 31232K, used 31219K [0x00000000eab00000, 0x00000000ed000000, 0x0000000100000000)
  eden space 26624K, 100% used [0x00000000eab00000,0x00000000ec500000,0x00000000ec500000)
  from space 4608K, 99% used [0x00000000ec500000,0x00000000ec97ce38,0x00000000ec980000)
  to   space 5120K, 0% used [0x00000000ecb00000,0x00000000ecb00000,0x00000000ed000000)
 ParOldGen       total 177152K, used 136830K [0x00000000c0000000, 0x00000000cad00000, 0x00000000eab00000)
  object space 177152K, 77% used [0x00000000c0000000,0x00000000c859f8d8,0x00000000cad00000)
 Metaspace       used 75063K, committed 76480K, reserved 1179648K
  class space    used 7841K, committed 8448K, reserved 1048576K
}
Event: 757.426 GC heap after
{Heap after GC invocations=118 (full 6):
 PSYoungGen      total 32768K, used 4674K [0x00000000eab00000, 0x00000000ed100000, 0x0000000100000000)
  eden space 27648K, 0% used [0x00000000eab00000,0x00000000eab00000,0x00000000ec600000)
  from space 5120K, 91% used [0x00000000ecb00000,0x00000000ecf90b70,0x00000000ed000000)
  to   space 5120K, 0% used [0x00000000ec600000,0x00000000ec600000,0x00000000ecb00000)
 ParOldGen       total 177152K, used 137094K [0x00000000c0000000, 0x00000000cad00000, 0x00000000eab00000)
  object space 177152K, 77% used [0x00000000c0000000,0x00000000c85e18d8,0x00000000cad00000)
 Metaspace       used 75063K, committed 76480K, reserved 1179648K
  class space    used 7841K, committed 8448K, reserved 1048576K
}
Event: 757.747 GC heap before
{Heap before GC invocations=119 (full 6):
 PSYoungGen      total 32768K, used 32322K [0x00000000eab00000, 0x00000000ed100000, 0x0000000100000000)
  eden space 27648K, 100% used [0x00000000eab00000,0x00000000ec600000,0x00000000ec600000)
  from space 5120K, 91% used [0x00000000ecb00000,0x00000000ecf90b70,0x00000000ed000000)
  to   space 5120K, 0% used [0x00000000ec600000,0x00000000ec600000,0x00000000ecb00000)
 ParOldGen       total 177152K, used 137094K [0x00000000c0000000, 0x00000000cad00000, 0x00000000eab00000)
  object space 177152K, 77% used [0x00000000c0000000,0x00000000c85e18d8,0x00000000cad00000)
 Metaspace       used 75063K, committed 76480K, reserved 1179648K
  class space    used 7841K, committed 8448K, reserved 1048576K
}
Event: 757.759 GC heap after
{Heap after GC invocations=119 (full 6):
 PSYoungGen      total 32768K, used 4470K [0x00000000eab00000, 0x00000000ed100000, 0x0000000100000000)
  eden space 27648K, 0% used [0x00000000eab00000,0x00000000eab00000,0x00000000ec600000)
  from space 5120K, 87% used [0x00000000ec600000,0x00000000eca5d878,0x00000000ecb00000)
  to   space 4608K, 0% used [0x00000000ecc80000,0x00000000ecc80000,0x00000000ed100000)
 ParOldGen       total 177152K, used 137094K [0x00000000c0000000, 0x00000000cad00000, 0x00000000eab00000)
  object space 177152K, 77% used [0x00000000c0000000,0x00000000c85e18d8,0x00000000cad00000)
 Metaspace       used 75063K, committed 76480K, reserved 1179648K
  class space    used 7841K, committed 8448K, reserved 1048576K
}
Event: 757.900 GC heap before
{Heap before GC invocations=120 (full 6):
 PSYoungGen      total 32768K, used 32118K [0x00000000eab00000, 0x00000000ed100000, 0x0000000100000000)
  eden space 27648K, 100% used [0x00000000eab00000,0x00000000ec600000,0x00000000ec600000)
  from space 5120K, 87% used [0x00000000ec600000,0x00000000eca5d878,0x00000000ecb00000)
  to   space 4608K, 0% used [0x00000000ecc80000,0x00000000ecc80000,0x00000000ed100000)
 ParOldGen       total 177152K, used 137094K [0x00000000c0000000, 0x00000000cad00000, 0x00000000eab00000)
  object space 177152K, 77% used [0x00000000c0000000,0x00000000c85e18d8,0x00000000cad00000)
 Metaspace       used 75063K, committed 76480K, reserved 1179648K
  class space    used 7841K, committed 8448K, reserved 1048576K
}
Event: 757.904 GC heap after
{Heap after GC invocations=120 (full 6):
 PSYoungGen      total 31744K, used 4595K [0x00000000eab00000, 0x00000000ed100000, 0x0000000100000000)
  eden space 27136K, 0% used [0x00000000eab00000,0x00000000eab00000,0x00000000ec580000)
  from space 4608K, 99% used [0x00000000ecc80000,0x00000000ed0fce38,0x00000000ed100000)
  to   space 5120K, 0% used [0x00000000ec700000,0x00000000ec700000,0x00000000ecc00000)
 ParOldGen       total 177152K, used 137126K [0x00000000c0000000, 0x00000000cad00000, 0x00000000eab00000)
  object space 177152K, 77% used [0x00000000c0000000,0x00000000c85e98d8,0x00000000cad00000)
 Metaspace       used 75063K, committed 76480K, reserved 1179648K
  class space    used 7841K, committed 8448K, reserved 1048576K
}
Event: 758.014 GC heap before
{Heap before GC invocations=121 (full 6):
 PSYoungGen      total 31744K, used 31731K [0x00000000eab00000, 0x00000000ed100000, 0x0000000100000000)
  eden space 27136K, 100% used [0x00000000eab00000,0x00000000ec580000,0x00000000ec580000)
  from space 4608K, 99% used [0x00000000ecc80000,0x00000000ed0fce38,0x00000000ed100000)
  to   space 5120K, 0% used [0x00000000ec700000,0x00000000ec700000,0x00000000ecc00000)
 ParOldGen       total 177152K, used 137128K [0x00000000c0000000, 0x00000000cad00000, 0x00000000eab00000)
  object space 177152K, 77% used [0x00000000c0000000,0x00000000c85ea058,0x00000000cad00000)
 Metaspace       used 75063K, committed 76480K, reserved 1179648K
  class space    used 7841K, committed 8448K, reserved 1048576K
}
Event: 758.022 GC heap after
{Heap after GC invocations=121 (full 6):
 PSYoungGen      total 29184K, used 2252K [0x00000000eab00000, 0x00000000ecd00000, 0x0000000100000000)
  eden space 26624K, 0% used [0x00000000eab00000,0x00000000eab00000,0x00000000ec500000)
  from space 2560K, 87% used [0x00000000ec700000,0x00000000ec933258,0x00000000ec980000)
  to   space 3584K, 0% used [0x00000000ec980000,0x00000000ec980000,0x00000000ecd00000)
 ParOldGen       total 177152K, used 139485K [0x00000000c0000000, 0x00000000cad00000, 0x00000000eab00000)
  object space 177152K, 78% used [0x00000000c0000000,0x00000000c8837420,0x00000000cad00000)
 Metaspace       used 75063K, committed 76480K, reserved 1179648K
  class space    used 7841K, committed 8448K, reserved 1048576K
}
Event: 758.256 GC heap before
{Heap before GC invocations=122 (full 6):
 PSYoungGen      total 29184K, used 28876K [0x00000000eab00000, 0x00000000ecd00000, 0x0000000100000000)
  eden space 26624K, 100% used [0x00000000eab00000,0x00000000ec500000,0x00000000ec500000)
  from space 2560K, 87% used [0x00000000ec700000,0x00000000ec933258,0x00000000ec980000)
  to   space 3584K, 0% used [0x00000000ec980000,0x00000000ec980000,0x00000000ecd00000)
 ParOldGen       total 177152K, used 139485K [0x00000000c0000000, 0x00000000cad00000, 0x00000000eab00000)
  object space 177152K, 78% used [0x00000000c0000000,0x00000000c8837420,0x00000000cad00000)
 Metaspace       used 75063K, committed 76480K, reserved 1179648K
  class space    used 7841K, committed 8448K, reserved 1048576K
}
Event: 758.260 GC heap after
{Heap after GC invocations=122 (full 6):
 PSYoungGen      total 28672K, used 2521K [0x00000000eab00000, 0x00000000ecc00000, 0x0000000100000000)
  eden space 26112K, 0% used [0x00000000eab00000,0x00000000eab00000,0x00000000ec480000)
  from space 2560K, 98% used [0x00000000ec980000,0x00000000ecbf6790,0x00000000ecc00000)
  to   space 3072K, 0% used [0x00000000ec600000,0x00000000ec600000,0x00000000ec900000)
 ParOldGen       total 177152K, used 139485K [0x00000000c0000000, 0x00000000cad00000, 0x00000000eab00000)
  object space 177152K, 78% used [0x00000000c0000000,0x00000000c8837420,0x00000000cad00000)
 Metaspace       used 75063K, committed 76480K, reserved 1179648K
  class space    used 7841K, committed 8448K, reserved 1048576K
}
Event: 758.796 GC heap before
{Heap before GC invocations=123 (full 6):
 PSYoungGen      total 28672K, used 28633K [0x00000000eab00000, 0x00000000ecc00000, 0x0000000100000000)
  eden space 26112K, 100% used [0x00000000eab00000,0x00000000ec480000,0x00000000ec480000)
  from space 2560K, 98% used [0x00000000ec980000,0x00000000ecbf6790,0x00000000ecc00000)
  to   space 3072K, 0% used [0x00000000ec600000,0x00000000ec600000,0x00000000ec900000)
 ParOldGen       total 177152K, used 139485K [0x00000000c0000000, 0x00000000cad00000, 0x00000000eab00000)
  object space 177152K, 78% used [0x00000000c0000000,0x00000000c8837420,0x00000000cad00000)
 Metaspace       used 75069K, committed 76480K, reserved 1179648K
  class space    used 7841K, committed 8448K, reserved 1048576K
}
Event: 758.801 GC heap after
{Heap after GC invocations=123 (full 6):
 PSYoungGen      total 28672K, used 2816K [0x00000000eab00000, 0x00000000eca00000, 0x0000000100000000)
  eden space 25600K, 0% used [0x00000000eab00000,0x00000000eab00000,0x00000000ec400000)
  from space 3072K, 91% used [0x00000000ec600000,0x00000000ec8c03c8,0x00000000ec900000)
  to   space 1024K, 0% used [0x00000000ec900000,0x00000000ec900000,0x00000000eca00000)
 ParOldGen       total 177152K, used 139485K [0x00000000c0000000, 0x00000000cad00000, 0x00000000eab00000)
  object space 177152K, 78% used [0x00000000c0000000,0x00000000c8837420,0x00000000cad00000)
 Metaspace       used 75069K, committed 76480K, reserved 1179648K
  class space    used 7841K, committed 8448K, reserved 1048576K
}
Event: 759.850 GC heap before
{Heap before GC invocations=124 (full 6):
 PSYoungGen      total 28672K, used 28416K [0x00000000eab00000, 0x00000000eca00000, 0x0000000100000000)
  eden space 25600K, 100% used [0x00000000eab00000,0x00000000ec400000,0x00000000ec400000)
  from space 3072K, 91% used [0x00000000ec600000,0x00000000ec8c03c8,0x00000000ec900000)
  to   space 1024K, 0% used [0x00000000ec900000,0x00000000ec900000,0x00000000eca00000)
 ParOldGen       total 177152K, used 139485K [0x00000000c0000000, 0x00000000cad00000, 0x00000000eab00000)
  object space 177152K, 78% used [0x00000000c0000000,0x00000000c8837420,0x00000000cad00000)
 Metaspace       used 75074K, committed 76480K, reserved 1179648K
  class space    used 7841K, committed 8448K, reserved 1048576K
}
Event: 759.868 GC heap after
{Heap after GC invocations=124 (full 6):
 PSYoungGen      total 26112K, used 1012K [0x00000000eab00000, 0x00000000eca00000, 0x0000000100000000)
  eden space 25088K, 0% used [0x00000000eab00000,0x00000000eab00000,0x00000000ec380000)
  from space 1024K, 98% used [0x00000000ec900000,0x00000000ec9fd198,0x00000000eca00000)
  to   space 3072K, 0% used [0x00000000ec400000,0x00000000ec400000,0x00000000ec700000)
 ParOldGen       total 177152K, used 141343K [0x00000000c0000000, 0x00000000cad00000, 0x00000000eab00000)
  object space 177152K, 79% used [0x00000000c0000000,0x00000000c8a07d80,0x00000000cad00000)
 Metaspace       used 75074K, committed 76480K, reserved 1179648K
  class space    used 7841K, committed 8448K, reserved 1048576K
}
Event: 760.456 GC heap before
{Heap before GC invocations=125 (full 6):
 PSYoungGen      total 26112K, used 26100K [0x00000000eab00000, 0x00000000eca00000, 0x0000000100000000)
  eden space 25088K, 100% used [0x00000000eab00000,0x00000000ec380000,0x00000000ec380000)
  from space 1024K, 98% used [0x00000000ec900000,0x00000000ec9fd198,0x00000000eca00000)
  to   space 3072K, 0% used [0x00000000ec400000,0x00000000ec400000,0x00000000ec700000)
 ParOldGen       total 177152K, used 141343K [0x00000000c0000000, 0x00000000cad00000, 0x00000000eab00000)
  object space 177152K, 79% used [0x00000000c0000000,0x00000000c8a07d80,0x00000000cad00000)
 Metaspace       used 75080K, committed 76480K, reserved 1179648K
  class space    used 7841K, committed 8448K, reserved 1048576K
}
Event: 760.461 GC heap after
{Heap after GC invocations=125 (full 6):
 PSYoungGen      total 28160K, used 1437K [0x00000000eab00000, 0x00000000ec980000, 0x0000000100000000)
  eden space 25088K, 0% used [0x00000000eab00000,0x00000000eab00000,0x00000000ec380000)
  from space 3072K, 46% used [0x00000000ec400000,0x00000000ec5675d0,0x00000000ec700000)
  to   space 2048K, 0% used [0x00000000ec780000,0x00000000ec780000,0x00000000ec980000)
 ParOldGen       total 177152K, used 141536K [0x00000000c0000000, 0x00000000cad00000, 0x00000000eab00000)
  object space 177152K, 79% used [0x00000000c0000000,0x00000000c8a38068,0x00000000cad00000)
 Metaspace       used 75080K, committed 76480K, reserved 1179648K
  class space    used 7841K, committed 8448K, reserved 1048576K
}
Event: 762.137 GC heap before
{Heap before GC invocations=126 (full 6):
 PSYoungGen      total 28160K, used 26525K [0x00000000eab00000, 0x00000000ec980000, 0x0000000100000000)
  eden space 25088K, 99% used [0x00000000eab00000,0x00000000ec37ffe8,0x00000000ec380000)
  from space 3072K, 46% used [0x00000000ec400000,0x00000000ec5675d0,0x00000000ec700000)
  to   space 2048K, 0% used [0x00000000ec780000,0x00000000ec780000,0x00000000ec980000)
 ParOldGen       total 177152K, used 141536K [0x00000000c0000000, 0x00000000cad00000, 0x00000000eab00000)
  object space 177152K, 79% used [0x00000000c0000000,0x00000000c8a38068,0x00000000cad00000)
 Metaspace       used 75111K, committed 76480K, reserved 1179648K
  class space    used 7842K, committed 8448K, reserved 1048576K
}
Event: 762.147 GC heap after
{Heap after GC invocations=126 (full 6):
 PSYoungGen      total 27136K, used 1715K [0x00000000eab00000, 0x00000000ec980000, 0x0000000100000000)
  eden space 25088K, 0% used [0x00000000eab00000,0x00000000eab00000,0x00000000ec380000)
  from space 2048K, 83% used [0x00000000ec780000,0x00000000ec92cf78,0x00000000ec980000)
  to   space 2048K, 0% used [0x00000000ec580000,0x00000000ec580000,0x00000000ec780000)
 ParOldGen       total 177152K, used 141536K [0x00000000c0000000, 0x00000000cad00000, 0x00000000eab00000)
  object space 177152K, 79% used [0x00000000c0000000,0x00000000c8a38068,0x00000000cad00000)
 Metaspace       used 75111K, committed 76480K, reserved 1179648K
  class space    used 7842K, committed 8448K, reserved 1048576K
}
Event: 791.002 GC heap before
{Heap before GC invocations=127 (full 6):
 PSYoungGen      total 27136K, used 26803K [0x00000000eab00000, 0x00000000ec980000, 0x0000000100000000)
  eden space 25088K, 100% used [0x00000000eab00000,0x00000000ec380000,0x00000000ec380000)
  from space 2048K, 83% used [0x00000000ec780000,0x00000000ec92cf78,0x00000000ec980000)
  to   space 2048K, 0% used [0x00000000ec580000,0x00000000ec580000,0x00000000ec780000)
 ParOldGen       total 177152K, used 141536K [0x00000000c0000000, 0x00000000cad00000, 0x00000000eab00000)
  object space 177152K, 79% used [0x00000000c0000000,0x00000000c8a38068,0x00000000cad00000)
 Metaspace       used 76186K, committed 77504K, reserved 1179648K
  class space    used 7916K, committed 8448K, reserved 1048576K
}
Event: 791.462 GC heap after
{Heap after GC invocations=127 (full 6):
 PSYoungGen      total 27136K, used 2029K [0x00000000eab00000, 0x00000000ec980000, 0x0000000100000000)
  eden space 25088K, 0% used [0x00000000eab00000,0x00000000eab00000,0x00000000ec380000)
  from space 2048K, 99% used [0x00000000ec580000,0x00000000ec77b4f0,0x00000000ec780000)
  to   space 2048K, 0% used [0x00000000ec780000,0x00000000ec780000,0x00000000ec980000)
 ParOldGen       total 177152K, used 142557K [0x00000000c0000000, 0x00000000cad00000, 0x00000000eab00000)
  object space 177152K, 80% used [0x00000000c0000000,0x00000000c8b37720,0x00000000cad00000)
 Metaspace       used 76186K, committed 77504K, reserved 1179648K
  class space    used 7916K, committed 8448K, reserved 1048576K
}

